Running: C:\Xilinx\14.6\ISE_DS\ISE\bin\nt64\unwrapped\fuse.exe -intstyle ise -incremental -lib unisims_ver -lib unimacro_ver -lib xilinxcorelib_ver -lib secureip -o C:/Users/152/Downloads/Lab 4/top_tb_isim_beh.exe -prj C:/Users/152/Downloads/Lab 4/top_tb_beh.prj work.top_tb work.glbl 
ISim P.68d (signature 0x7708f090)
Number of CPUs detected in this system: 2
Turning on mult-threading, number of parallel sub-compilation jobs: 4 
Determining compilation order of HDL files
Analyzing Verilog file "C:/Users/152/Downloads/Lab 4/VGA.v" into library work
Analyzing Verilog file "C:/Users/152/Downloads/Lab 4/player.v" into library work
Analyzing Verilog file "C:/Users/152/Downloads/Lab 4/debouncer.v" into library work
Analyzing Verilog file "C:/Users/152/Downloads/Lab 4/clk_divider.v" into library work
Analyzing Verilog file "C:/Users/152/Downloads/Lab 4/top.v" into library work
Analyzing Verilog file "C:/Users/152/Downloads/Lab 4/top_tb.v" into library work
Analyzing Verilog file "C:/Xilinx/14.6/ISE_DS/ISE//verilog/src/glbl.v" into library work
Starting static elaboration
Completed static elaboration
Compiling module clk_divider
Compiling module debouncer
Compiling module player
Compiling module VGA
Compiling module top
Compiling module top_tb
Compiling module glbl
Time Resolution for simulation is 1ps.
Waiting for 4 sub-compilation(s) to finish...
Compiled 7 Verilog Units
Built simulation executable C:/Users/152/Downloads/Lab 4/top_tb_isim_beh.exe
Fuse Memory Usage: 27560 KB
Fuse CPU Usage: 576 ms
